2026-04-27T14:48:38.001768Z [info     ] Starting Anything2Markdown pipeline [anything2markdown.cli]
2026-04-27T14:48:38.002767Z [info     ] Input directory                [anything2markdown.cli] path='G:\\Program Files\\AI coding\\知识萃取\\商业模式\\输入'
2026-04-27T14:48:38.006754Z [info     ] Output directory               [anything2markdown.cli] path='G:\\Program Files\\AI coding\\知识萃取\\商业模式\\输出'
2026-04-27T14:48:38.009476Z [warning  ] Repomix not found. Install with: npm install -g repomix [anything2markdown.url_parsers.repomix_parser]
2026-04-27T14:48:38.010476Z [info     ] Starting Anything2Markdown pipeline [anything2markdown.pipeline] input_dir='G:\\Program Files\\AI coding\\知识萃取\\商业模式\\输入' output_dir='G:\\Program Files\\AI coding\\知识萃取\\商业模式\\输出'
2026-04-27T14:48:38.012980Z [info     ] Processing items in parallel   [anything2markdown.pipeline] count=5 max_workers=8 task_type=api
2026-04-27T14:48:38.014972Z [info     ] Processing file                [anything2markdown.pipeline] file=1.业务不变，营收秒变（X50）的商业模式_笔记.pdf
2026-04-27T14:48:38.016966Z [info     ] Processing file                [anything2markdown.pipeline] file='2.ODM OEM，超过耐K、A迪净利的商业模式_笔记.pdf'
2026-04-27T14:48:38.017964Z [info     ] MarkItDown parsing             [anything2markdown.parsers.markitdown_parser] file=1.业务不变，营收秒变（X50）的商业模式_笔记.pdf
2026-04-27T14:48:38.017964Z [info     ] Processing file                [anything2markdown.pipeline] file=3.费用归边，流量占股的商业模式_笔记.pdf
2026-04-27T14:48:38.017964Z [info     ] MarkItDown parsing             [anything2markdown.parsers.markitdown_parser] file='2.ODM OEM，超过耐K、A迪净利的商业模式_笔记.pdf'
2026-04-27T14:48:38.018982Z [info     ] Processing file                [anything2markdown.pipeline] file=4.上下通吃，打通经销商合伙人激励的模式.pdf
2026-04-27T14:48:38.020485Z [info     ] Processing file                [anything2markdown.pipeline] file=5.不做主机厂，专注整合商的模式_笔记.pdf
2026-04-27T14:48:38.020485Z [info     ] MarkItDown parsing             [anything2markdown.parsers.markitdown_parser] file=3.费用归边，流量占股的商业模式_笔记.pdf
2026-04-27T14:48:38.074384Z [info     ] MarkItDown parsing             [anything2markdown.parsers.markitdown_parser] file=4.上下通吃，打通经销商合伙人激励的模式.pdf
2026-04-27T14:48:38.075381Z [info     ] MarkItDown parsing             [anything2markdown.parsers.markitdown_parser] file=5.不做主机厂，专注整合商的模式_笔记.pdf
2026-04-27T14:48:38.642434Z [info     ] MarkItDown success             [anything2markdown.parsers.markitdown_parser] chars=2544 file=5.不做主机厂，专注整合商的模式_笔记.pdf output=5.不做主机厂，专注整合商的模式_笔记.md
2026-04-27T14:48:38.648417Z [info     ] MarkItDown success             [anything2markdown.parsers.markitdown_parser] chars=1508 file=1.业务不变，营收秒变（X50）的商业模式_笔记.pdf output=1.业务不变，营收秒变（X50）的商业模式_笔记.md
2026-04-27T14:48:38.838152Z [info     ] MarkItDown success             [anything2markdown.parsers.markitdown_parser] chars=307 file=3.费用归边，流量占股的商业模式_笔记.pdf output=3.费用归边，流量占股的商业模式_笔记.md
2026-04-27T14:48:38.911018Z [info     ] Low valid chars for short PDF, fallback to OCR [anything2markdown.router] threshold=500 valid_chars=284
2026-04-27T14:48:38.923607Z [info     ] Falling back to PaddleOCR-VL   [anything2markdown.pipeline] file=3.费用归边，流量占股的商业模式_笔记.pdf
2026-04-27T14:48:39.051800Z [info     ] MarkItDown success             [anything2markdown.parsers.markitdown_parser] chars=1211 file=4.上下通吃，打通经销商合伙人激励的模式.pdf output=4.上下通吃，打通经销商合伙人激励的模式.md
2026-04-27T14:48:39.051800Z [info     ] MarkItDown success             [anything2markdown.parsers.markitdown_parser] chars=1855 file='2.ODM OEM，超过耐K、A迪净利的商业模式_笔记.pdf' output='2.ODM OEM，超过耐K、A迪净利的商业模式_笔记.md'
2026-04-27T14:48:40.170987Z [info     ] PaddleOCR-VL parsing           [anything2markdown.parsers.paddleocr_vl_parser] file=3.费用归边，流量占股的商业模式_笔记.pdf
2026-04-27T14:48:40.172585Z [info     ] PaddleOCR-VL starting OCR      [anything2markdown.parsers.paddleocr_vl_parser] dpi=150 file=3.费用归边，流量占股的商业模式_笔记.pdf model=PaddlePaddle/PaddleOCR-VL-1.5 pages=1 start_page=1
2026-04-27T14:48:40.691409Z [warning  ] PaddleOCR-VL: API call failed  [anything2markdown.parsers.paddleocr_vl_parser] attempt=1 error="Error code: 404 - {'error': {'code': 'InvalidEndpointOrModel.NotFound', 'message': 'The model or endpoint PaddlePaddle/PaddleOCR-VL-1.5 does not exist or you do not have access to it. Request id: 02177730132111837079cdcc08b35ab782b1fd6e8da4cf04c6953', 'param': '', 'type': 'Not Found'}}" page=1
2026-04-27T14:48:40.858459Z [warning  ] PaddleOCR-VL: API call failed  [anything2markdown.parsers.paddleocr_vl_parser] attempt=2 error="Error code: 404 - {'error': {'code': 'InvalidEndpointOrModel.NotFound', 'message': 'The model or endpoint PaddlePaddle/PaddleOCR-VL-1.5 does not exist or you do not have access to it. Request id: 02177730132132737079cdcc08b35ab782b1fd6e8da4cf09874b1', 'param': '', 'type': 'Not Found'}}" page=1
2026-04-27T14:48:40.861222Z [info     ] PaddleOCR-VL complete          [anything2markdown.parsers.paddleocr_vl_parser] chars=27 duration=1.9s file=3.费用归边，流量占股的商业模式_笔记.pdf pages=1 pages_failed=1
2026-04-27T14:48:40.863220Z [info     ] File processing complete       [anything2markdown.pipeline] files_processed=5
2026-04-27T14:48:40.863220Z [info     ] URL processing complete        [anything2markdown.pipeline] urls_processed=0
2026-04-27T14:48:40.863220Z [info     ] Pipeline completed             [anything2markdown.pipeline] duration_seconds=2.85 failed=0 skipped=0 success=5 total_processed=5
2026-04-27T14:48:40.865213Z [info     ] Saved parse results index      [anything2markdown.pipeline] path='G:\\Program Files\\AI coding\\知识萃取\\商业模式\\输出\\parse_results_index.json'
