2026-04-30T12:16:37.356900Z [info     ] Starting ontology pipeline     [skus2ontology.pipeline] ontology_dir=..\商业模式资本\输出\ontology skip_chatbot=False skus_dir=..\商业模式资本\输出\skus
2026-04-30T12:16:37.357899Z [info     ] Starting ontology assembly     [skus2ontology.assembler] ontology_dir='G:\\Program Files\\AI coding\\知识萃取\\商业模式资本\\输出\\ontology' skus_dir='G:\\Program Files\\AI coding\\知识萃取\\商业模式资本\\输出\\skus'
2026-04-30T12:16:37.360006Z [info     ] Copied directory               [skus2ontology.assembler] files=0 subdir=factual
2026-04-30T12:16:37.362158Z [info     ] Copied directory               [skus2ontology.assembler] files=0 subdir=procedural
2026-04-30T12:16:37.364335Z [info     ] Copied directory               [skus2ontology.assembler] files=1 subdir=relational
2026-04-30T12:16:37.365362Z [info     ] Copied eureka.md to ontology root [skus2ontology.assembler]
2026-04-30T12:16:37.366395Z [info     ] Rewrote mapping.md             [skus2ontology.assembler] paths_rewritten=0
2026-04-30T12:16:37.366395Z [info     ] Assembly complete              [skus2ontology.assembler] factual=0 paths_rewritten=0 procedural=0 total_files=3
2026-04-30T12:16:37.366395Z [info     ] Starting spec chatbot          [skus2ontology.chatbot] max_rounds=5
2026-04-30T12:16:37.370802Z [info     ] Built name_to_path lookup      [skus2ontology.chatbot] entries=958
2026-04-30T12:16:37.370802Z [info     ] slug→path inline resolution    [skus2ontology.chatbot] matched=0 total_lines=2
2026-04-30T12:16:37.370802Z [info     ] Loaded mapping.md (compressed) [skus2ontology.chatbot] compressed_chars=12 original_chars=57
2026-04-30T12:16:37.370802Z [info     ] Loaded eureka.md               [skus2ontology.chatbot] chars=42
2026-04-30T12:17:13.861669Z [warning  ] SKU index summary truncated    [skus2ontology.chatbot] limit=50000 original_chars=65604
2026-04-30T12:17:13.862669Z [info     ] Built SKU index summary        [skus2ontology.chatbot] chars=50033 sku_count=962
2026-04-30T12:17:21.078359Z [info     ] Phase 2 anchor replacement complete [skus2ontology.chatbot] draft_chars=151 final_chars=151
2026-04-30T12:17:21.078359Z [info     ] unwrap_resolved_anchors        [skus2ontology.chatbot] after=0 before=0 unwrapped=0
2026-04-30T12:17:21.079361Z [info     ] All anchors replaced successfully [skus2ontology.chatbot]
2026-04-30T12:17:21.081360Z [info     ] Backed up existing spec.md     [skus2ontology.chatbot] backup='G:\\Program Files\\AI coding\\知识萃取\\商业模式资本\\输出\\ontology\\spec.md.bak.20260430_201721'
2026-04-30T12:17:21.081360Z [info     ] Saved spec.md                  [skus2ontology.chatbot] chars=151 path='G:\\Program Files\\AI coding\\知识萃取\\商业模式资本\\输出\\ontology\\spec.md'
2026-04-30T12:17:21.082376Z [info     ] spec_check                     [skus2ontology.spec_validator] check=extra_chunk_bracket count=0 samples=[] status=PASS
2026-04-30T12:17:21.082376Z [info     ] spec_check                     [skus2ontology.spec_validator] check=anchor_wrapping_chunk count=0 samples=[] status=PASS
2026-04-30T12:17:21.082376Z [info     ] spec_check                     [skus2ontology.spec_validator] check=anchor_wrapping_sku count=0 samples=[] status=PASS
2026-04-30T12:17:21.082376Z [info     ] spec_check                     [skus2ontology.spec_validator] check=sku_sku_concat count=0 samples=[] status=PASS
2026-04-30T12:17:21.083375Z [info     ] spec_check                     [skus2ontology.spec_validator] check=sku_chunk_concat count=0 samples=[] status=PASS
2026-04-30T12:17:21.083375Z [info     ] spec_check                     [skus2ontology.spec_validator] check=chunk_sku_concat count=0 samples=[] status=PASS
2026-04-30T12:17:21.083375Z [info     ] spec_check                     [skus2ontology.spec_validator] check=sku_space_concat count=0 samples=[] status=PASS
2026-04-30T12:17:21.083375Z [info     ] spec_check                     [skus2ontology.spec_validator] check=sku_range count=0 samples=[] status=PASS
2026-04-30T12:17:21.083375Z [info     ] spec_check                     [skus2ontology.spec_validator] check=chinese_chunk_bracket count=0 samples=[] status=PASS
2026-04-30T12:17:21.083375Z [info     ] spec_check                     [skus2ontology.spec_validator] check=chinese_sku_bracket count=0 samples=[] status=PASS
2026-04-30T12:17:21.084377Z [info     ] spec_check                     [skus2ontology.spec_validator] check=remaining_anchor count=0 samples=[] status=PASS
2026-04-30T12:17:21.084377Z [info     ] spec_stats                     [skus2ontology.spec_validator] chunk_refs=0 chunk_unique=0 sku_refs=0 sku_unique=0
2026-04-30T12:17:21.084377Z [info     ] spec_validator PASSED          [skus2ontology.spec_validator]
2026-04-30T12:17:21.132685Z [info     ] Saved chat log                 [skus2ontology.pipeline] confirmed=False path=..\商业模式资本\输出\ontology\chat_log.json rounds=0
2026-04-30T12:17:21.133848Z [info     ] Generated README.md            [skus2ontology.readme_generator] path='G:\\Program Files\\AI coding\\知识萃取\\商业模式资本\\输出\\ontology\\README.md'
2026-04-30T12:17:21.134881Z [info     ] Saved ontology manifest        [skus2ontology.pipeline] path=..\商业模式资本\输出\ontology\ontology_manifest.json
2026-04-30T12:17:21.134881Z [info     ] Ontology pipeline complete     [skus2ontology.pipeline] duration_seconds=43.8 has_readme=True has_spec=True total_files=3
