2026-04-30T13:11:03.746342Z [info     ] Starting spec chatbot          [skus2ontology.chatbot] max_rounds=5
2026-04-30T13:11:03.750716Z [info     ] Built name_to_path lookup      [skus2ontology.chatbot] entries=958
2026-04-30T13:11:03.753238Z [info     ] slug→path inline resolution    [skus2ontology.chatbot] matched=944 total_lines=971
2026-04-30T13:11:03.754238Z [info     ] Loaded mapping.md (compressed) [skus2ontology.chatbot] compressed_chars=29995 original_chars=49322
2026-04-30T13:11:03.754238Z [info     ] Loaded eureka.md               [skus2ontology.chatbot] chars=16728
2026-04-30T13:24:56.585122Z [warning  ] SKU index summary truncated    [skus2ontology.chatbot] limit=50000 original_chars=65604
2026-04-30T13:24:56.585122Z [info     ] Built SKU index summary        [skus2ontology.chatbot] chars=50033 sku_count=962
2026-04-30T13:26:28.243925Z [info     ] Phase 2 anchor replacement complete [skus2ontology.chatbot] draft_chars=7619 final_chars=7619
2026-04-30T13:26:28.243925Z [info     ] unwrap_resolved_anchors        [skus2ontology.chatbot] after=0 before=0 unwrapped=0
2026-04-30T13:26:28.244926Z [info     ] All anchors replaced successfully [skus2ontology.chatbot]
2026-04-30T13:26:28.247444Z [info     ] Backed up existing spec.md     [skus2ontology.chatbot] backup='G:\\Program Files\\AI coding\\知识萃取\\商业模式资本\\输出\\ontology\\spec.md.bak.20260430_212628'
2026-04-30T13:26:28.247444Z [info     ] Saved spec.md                  [skus2ontology.chatbot] chars=7598 path='G:\\Program Files\\AI coding\\知识萃取\\商业模式资本\\输出\\ontology\\spec.md'
2026-04-30T13:26:28.248849Z [info     ] spec_check                     [skus2ontology.spec_validator] check=extra_chunk_bracket count=0 samples=[] status=PASS
2026-04-30T13:26:28.248849Z [info     ] spec_check                     [skus2ontology.spec_validator] check=anchor_wrapping_chunk count=0 samples=[] status=PASS
2026-04-30T13:26:28.248849Z [info     ] spec_check                     [skus2ontology.spec_validator] check=anchor_wrapping_sku count=0 samples=[] status=PASS
2026-04-30T13:26:28.248849Z [info     ] spec_check                     [skus2ontology.spec_validator] check=sku_sku_concat count=0 samples=[] status=PASS
2026-04-30T13:26:28.248849Z [info     ] spec_check                     [skus2ontology.spec_validator] check=sku_chunk_concat count=0 samples=[] status=PASS
2026-04-30T13:26:28.250068Z [info     ] spec_check                     [skus2ontology.spec_validator] check=chunk_sku_concat count=0 samples=[] status=PASS
2026-04-30T13:26:28.250068Z [warning  ] spec_check                     [skus2ontology.spec_validator] check=sku_space_concat count=22 samples=['skus/factual/sku_315\nskus/', 'skus/factual/sku_540\nskus/', 'skus/factual/sku_541\nskus/'] status=FAIL
2026-04-30T13:26:28.250068Z [info     ] spec_check                     [skus2ontology.spec_validator] check=sku_range count=0 samples=[] status=PASS
2026-04-30T13:26:28.250068Z [info     ] spec_check                     [skus2ontology.spec_validator] check=chinese_chunk_bracket count=0 samples=[] status=PASS
2026-04-30T13:26:28.250068Z [info     ] spec_check                     [skus2ontology.spec_validator] check=chinese_sku_bracket count=0 samples=[] status=PASS
2026-04-30T13:26:28.251146Z [info     ] spec_check                     [skus2ontology.spec_validator] check=remaining_anchor count=0 samples=[] status=PASS
2026-04-30T13:26:28.251146Z [info     ] spec_stats                     [skus2ontology.spec_validator] chunk_refs=36 chunk_unique=14 sku_refs=34 sku_unique=32
2026-04-30T13:26:28.251146Z [warning  ] spec_validator FAILED          [skus2ontology.spec_validator] failures=['Fix 4: space-separated SKU refs on same line: 22 hits']
2026-04-30T13:26:28.253265Z [info     ] Saved chat log                 [skus2ontology.pipeline] confirmed=False path=..\商业模式资本\输出\ontology\chat_log.json rounds=5
